<?xml version="1.0" encoding="UTF-8"?>
<testng-results ignored="0" total="3" passed="3" failed="0" skipped="0">
  <reporter-output>
  </reporter-output>
  <suite started-at="2024-03-19T19:51:38 IST" name="Default suite" finished-at="2024-03-19T19:51:56 IST" duration-ms="18052">
    <groups>
      <group name="cucumber">
        <method signature="AbstractTestNGCucumberTests.runScenario(io.cucumber.testng.PickleWrapper,io.cucumber.testng.FeatureWrapper)[pri:0, instance:runner.RunnerFile@55183b20]" name="runScenario" class="io.cucumber.testng.AbstractTestNGCucumberTests"/>
      </group> <!-- cucumber -->
    </groups>
    <test started-at="2024-03-19T19:51:38 IST" name="Default test" finished-at="2024-03-19T19:51:56 IST" duration-ms="18052">
      <class name="runner.RunnerFile">
        <test-method is-config="true" signature="setUpClass(org.testng.ITestContext)[pri:0, instance:runner.RunnerFile@55183b20]" started-at="2024-03-19T19:51:38 IST" name="setUpClass" finished-at="2024-03-19T19:51:39 IST" duration-ms="164" status="PASS">
          <params>
            <param index="0">
              <value>
                <![CDATA[org.testng.TestRunner@987455b]]>
              </value>
            </param>
          </params>
          <reporter-output>
          </reporter-output>
        </test-method> <!-- setUpClass -->
        <test-method is-config="true" signature="openApp()[pri:0, instance:runner.RunnerFile@55183b20]" started-at="2024-03-19T19:51:39 IST" name="openApp" finished-at="2024-03-19T19:51:43 IST" duration-ms="4311" status="PASS">
          <reporter-output>
          </reporter-output>
        </test-method> <!-- openApp -->
        <test-method signature="runScenario(io.cucumber.testng.PickleWrapper,io.cucumber.testng.FeatureWrapper)[pri:0, instance:runner.RunnerFile@55183b20]" started-at="2024-03-19T19:51:43 IST" name="runScenario" description="Runs Cucumber Scenarios" data-provider="scenarios" finished-at="2024-03-19T19:51:46 IST" duration-ms="2788" status="PASS">
          <params>
            <param index="0">
              <value>
                <![CDATA["User sends password reset request"]]>
              </value>
            </param>
            <param index="1">
              <value>
                <![CDATA["Password Reset function"]]>
              </value>
            </param>
          </params>
          <reporter-output>
          </reporter-output>
        </test-method> <!-- runScenario -->
        <test-method is-config="true" signature="closeApp(org.testng.ITestResult)[pri:0, instance:runner.RunnerFile@55183b20]" started-at="2024-03-19T19:51:46 IST" name="closeApp" finished-at="2024-03-19T19:51:46 IST" duration-ms="323" status="PASS">
          <params>
            <param index="0">
              <value>
                <![CDATA[[TestResult name=runScenario status=SUCCESS method=AbstractTestNGCucumberTests.runScenario(io.cucumber.testng.PickleWrapper,io.cucumber.testng.FeatureWrapper)[pri:0, instance:runner.RunnerFile@55183b20] output={null}]]]>
              </value>
            </param>
          </params>
          <reporter-output>
          </reporter-output>
        </test-method> <!-- closeApp -->
        <test-method is-config="true" signature="openApp()[pri:0, instance:runner.RunnerFile@55183b20]" started-at="2024-03-19T19:51:46 IST" name="openApp" finished-at="2024-03-19T19:51:49 IST" duration-ms="3413" status="PASS">
          <reporter-output>
          </reporter-output>
        </test-method> <!-- openApp -->
        <test-method signature="runScenario(io.cucumber.testng.PickleWrapper,io.cucumber.testng.FeatureWrapper)[pri:0, instance:runner.RunnerFile@55183b20]" started-at="2024-03-19T19:51:49 IST" name="runScenario" description="Runs Cucumber Scenarios" data-provider="scenarios" finished-at="2024-03-19T19:51:51 IST" duration-ms="1238" status="PASS">
          <params>
            <param index="0">
              <value>
                <![CDATA["User try to send password reset request without password"]]>
              </value>
            </param>
            <param index="1">
              <value>
                <![CDATA["Password Reset function"]]>
              </value>
            </param>
          </params>
          <reporter-output>
          </reporter-output>
        </test-method> <!-- runScenario -->
        <test-method is-config="true" signature="closeApp(org.testng.ITestResult)[pri:0, instance:runner.RunnerFile@55183b20]" started-at="2024-03-19T19:51:51 IST" name="closeApp" finished-at="2024-03-19T19:51:51 IST" duration-ms="312" status="PASS">
          <params>
            <param index="0">
              <value>
                <![CDATA[[TestResult name=runScenario status=SUCCESS method=AbstractTestNGCucumberTests.runScenario(io.cucumber.testng.PickleWrapper,io.cucumber.testng.FeatureWrapper)[pri:0, instance:runner.RunnerFile@55183b20] output={null}]]]>
              </value>
            </param>
          </params>
          <reporter-output>
          </reporter-output>
        </test-method> <!-- closeApp -->
        <test-method is-config="true" signature="openApp()[pri:0, instance:runner.RunnerFile@55183b20]" started-at="2024-03-19T19:51:51 IST" name="openApp" finished-at="2024-03-19T19:51:54 IST" duration-ms="3355" status="PASS">
          <reporter-output>
          </reporter-output>
        </test-method> <!-- openApp -->
        <test-method signature="runScenario(io.cucumber.testng.PickleWrapper,io.cucumber.testng.FeatureWrapper)[pri:0, instance:runner.RunnerFile@55183b20]" started-at="2024-03-19T19:51:54 IST" name="runScenario" description="Runs Cucumber Scenarios" data-provider="scenarios" finished-at="2024-03-19T19:51:56 IST" duration-ms="1800" status="PASS">
          <params>
            <param index="0">
              <value>
                <![CDATA["User cancel password reset request"]]>
              </value>
            </param>
            <param index="1">
              <value>
                <![CDATA["Password Reset function"]]>
              </value>
            </param>
          </params>
          <reporter-output>
          </reporter-output>
        </test-method> <!-- runScenario -->
        <test-method is-config="true" signature="closeApp(org.testng.ITestResult)[pri:0, instance:runner.RunnerFile@55183b20]" started-at="2024-03-19T19:51:56 IST" name="closeApp" finished-at="2024-03-19T19:51:56 IST" duration-ms="315" status="PASS">
          <params>
            <param index="0">
              <value>
                <![CDATA[[TestResult name=runScenario status=SUCCESS method=AbstractTestNGCucumberTests.runScenario(io.cucumber.testng.PickleWrapper,io.cucumber.testng.FeatureWrapper)[pri:0, instance:runner.RunnerFile@55183b20] output={null}]]]>
              </value>
            </param>
          </params>
          <reporter-output>
          </reporter-output>
        </test-method> <!-- closeApp -->
        <test-method is-config="true" signature="tearDownClass()[pri:0, instance:runner.RunnerFile@55183b20]" started-at="2024-03-19T19:51:56 IST" name="tearDownClass" finished-at="2024-03-19T19:51:56 IST" duration-ms="3" status="PASS">
          <reporter-output>
          </reporter-output>
        </test-method> <!-- tearDownClass -->
      </class> <!-- runner.RunnerFile -->
    </test> <!-- Default test -->
  </suite> <!-- Default suite -->
</testng-results>
